2024-06-10 17:07:20,437 - INFO - Loading environment variables from: C:\Users\marty\Downloads\screen_capture-main\dist\main\_internal\.env
2024-06-10 17:07:20,437 - INFO - API_KEY loaded successfully
2024-06-10 17:07:20,602 - INFO - Overlay window created successfully
2024-06-10 17:07:20,629 - INFO - FrameProcessor started
2024-06-10 17:07:20,758 - DEBUG - Starting new HTTPS connection (1): detect.roboflow.com:443
2024-06-10 17:07:20,986 - DEBUG - https://detect.roboflow.com:443 "POST /valoaccuracy/5?api_key=&disable_active_learning=False HTTP/1.1" 403 23
2024-06-10 17:07:20,988 - ERROR - Error running inference: HTTPCallErrorError(description='403 Client Error: Forbidden for url: https://detect.roboflow.com/valoaccuracy/5?api_key=Oh***ND&disable_active_learning=False', api_message='Forbidden',status_code=403)
2024-06-10 17:07:21,006 - INFO - Displayed accuracy: Accuracy: 100.00%
2024-06-10 17:07:21,192 - DEBUG - Starting new HTTPS connection (1): detect.roboflow.com:443
2024-06-10 17:07:21,381 - DEBUG - https://detect.roboflow.com:443 "POST /valoaccuracy/5?api_key=&disable_active_learning=False HTTP/1.1" 403 23
2024-06-10 17:07:21,382 - ERROR - Error running inference: HTTPCallErrorError(description='403 Client Error: Forbidden for url: https://detect.roboflow.com/valoaccuracy/5?api_key=Oh***ND&disable_active_learning=False', api_message='Forbidden',status_code=403)
2024-06-10 17:07:21,389 - INFO - Displayed accuracy: Accuracy: 100.00%
2024-06-10 17:07:21,584 - DEBUG - Starting new HTTPS connection (1): detect.roboflow.com:443
2024-06-10 17:07:22,582 - INFO - Mouse clicked at (1549, 1416)
2024-06-10 17:07:22,936 - DEBUG - https://detect.roboflow.com:443 "POST /valoaccuracy/5?api_key=&disable_active_learning=False HTTP/1.1" 200 81
2024-06-10 17:07:22,938 - DEBUG - Current object count: 0
2024-06-10 17:07:22,941 - INFO - Displayed accuracy: Accuracy: 0.00%
2024-06-10 17:07:23,139 - DEBUG - Starting new HTTPS connection (1): detect.roboflow.com:443
2024-06-10 17:07:23,381 - DEBUG - https://detect.roboflow.com:443 "POST /valoaccuracy/5?api_key=&disable_active_learning=False HTTP/1.1" 403 23
2024-06-10 17:07:23,382 - ERROR - Error running inference: HTTPCallErrorError(description='403 Client Error: Forbidden for url: https://detect.roboflow.com/valoaccuracy/5?api_key=Oh***ND&disable_active_learning=False', api_message='Forbidden',status_code=403)
2024-06-10 17:07:23,385 - INFO - Displayed accuracy: Accuracy: 0.00%
2024-06-10 17:07:23,427 - INFO - Mouse clicked at (1452, 1413)
2024-06-10 17:07:23,565 - DEBUG - Starting new HTTPS connection (1): detect.roboflow.com:443
2024-06-10 17:07:23,835 - DEBUG - https://detect.roboflow.com:443 "POST /valoaccuracy/5?api_key=&disable_active_learning=False HTTP/1.1" 403 23
2024-06-10 17:07:23,836 - ERROR - Error running inference: HTTPCallErrorError(description='403 Client Error: Forbidden for url: https://detect.roboflow.com/valoaccuracy/5?api_key=Oh***ND&disable_active_learning=False', api_message='Forbidden',status_code=403)
2024-06-10 17:07:23,840 - INFO - Displayed accuracy: Accuracy: 0.00%
2024-06-10 17:07:24,010 - DEBUG - Starting new HTTPS connection (1): detect.roboflow.com:443
2024-06-10 17:07:24,194 - DEBUG - https://detect.roboflow.com:443 "POST /valoaccuracy/5?api_key=&disable_active_learning=False HTTP/1.1" 403 23
2024-06-10 17:07:24,195 - ERROR - Error running inference: HTTPCallErrorError(description='403 Client Error: Forbidden for url: https://detect.roboflow.com/valoaccuracy/5?api_key=Oh***ND&disable_active_learning=False', api_message='Forbidden',status_code=403)
2024-06-10 17:07:24,199 - INFO - Displayed accuracy: Accuracy: 0.00%
2024-06-10 17:07:24,382 - DEBUG - Starting new HTTPS connection (1): detect.roboflow.com:443
2024-06-10 17:07:24,494 - DEBUG - https://detect.roboflow.com:443 "POST /valoaccuracy/5?api_key=&disable_active_learning=False HTTP/1.1" 403 23
2024-06-10 17:07:24,494 - ERROR - Error running inference: HTTPCallErrorError(description='403 Client Error: Forbidden for url: https://detect.roboflow.com/valoaccuracy/5?api_key=Oh***ND&disable_active_learning=False', api_message='Forbidden',status_code=403)
2024-06-10 17:07:24,498 - INFO - Displayed accuracy: Accuracy: 0.00%
2024-06-10 17:07:24,668 - DEBUG - Starting new HTTPS connection (1): detect.roboflow.com:443
2024-06-10 17:07:24,747 - DEBUG - https://detect.roboflow.com:443 "POST /valoaccuracy/5?api_key=&disable_active_learning=False HTTP/1.1" 403 23
2024-06-10 17:07:24,748 - ERROR - Error running inference: HTTPCallErrorError(description='403 Client Error: Forbidden for url: https://detect.roboflow.com/valoaccuracy/5?api_key=Oh***ND&disable_active_learning=False', api_message='Forbidden',status_code=403)
2024-06-10 17:07:24,752 - INFO - Displayed accuracy: Accuracy: 0.00%
2024-06-10 17:07:24,922 - DEBUG - Starting new HTTPS connection (1): detect.roboflow.com:443
2024-06-10 17:07:25,783 - INFO - Mouse clicked at (675, 282)
2024-06-10 17:07:25,790 - DEBUG - https://detect.roboflow.com:443 "POST /valoaccuracy/5?api_key=&disable_active_learning=False HTTP/1.1" 200 81
2024-06-10 17:07:25,791 - DEBUG - Current object count: 0
2024-06-10 17:07:25,794 - INFO - Displayed accuracy: Accuracy: 0.00%
2024-06-10 17:07:25,974 - DEBUG - Starting new HTTPS connection (1): detect.roboflow.com:443
2024-06-10 17:07:26,525 - INFO - Mouse clicked at (732, 168)
2024-06-10 17:07:26,802 - DEBUG - https://detect.roboflow.com:443 "POST /valoaccuracy/5?api_key=&disable_active_learning=False HTTP/1.1" 200 1059
2024-06-10 17:07:26,802 - DEBUG - Current object count: 6
2024-06-10 17:07:26,806 - INFO - Displayed accuracy: Accuracy: 0.00%
2024-06-10 17:07:26,828 - INFO - Mouse clicked at (312, 172)
2024-06-10 17:07:26,978 - DEBUG - Starting new HTTPS connection (1): detect.roboflow.com:443
2024-06-10 17:07:27,114 - INFO - Mouse clicked at (190, 176)
2024-06-10 17:07:27,546 - INFO - Mouse clicked at (656, 196)
2024-06-10 17:07:28,051 - DEBUG - https://detect.roboflow.com:443 "POST /valoaccuracy/5?api_key=&disable_active_learning=False HTTP/1.1" 200 1219
2024-06-10 17:07:28,052 - DEBUG - Current object count: 7
2024-06-10 17:07:28,056 - INFO - Displayed accuracy: Accuracy: 0.00%
2024-06-10 17:07:28,100 - INFO - Mouse clicked at (160, 177)
2024-06-10 17:07:28,231 - DEBUG - Starting new HTTPS connection (1): detect.roboflow.com:443
2024-06-10 17:07:28,307 - DEBUG - https://detect.roboflow.com:443 "POST /valoaccuracy/5?api_key=&disable_active_learning=False HTTP/1.1" 403 23
2024-06-10 17:07:28,309 - ERROR - Error running inference: HTTPCallErrorError(description='403 Client Error: Forbidden for url: https://detect.roboflow.com/valoaccuracy/5?api_key=Oh***ND&disable_active_learning=False', api_message='Forbidden',status_code=403)
2024-06-10 17:07:28,312 - INFO - Displayed accuracy: Accuracy: 16.67%
2024-06-10 17:07:28,471 - INFO - Mouse clicked at (556, 182)
2024-06-10 17:07:28,482 - DEBUG - Starting new HTTPS connection (1): detect.roboflow.com:443
2024-06-10 17:07:28,561 - DEBUG - https://detect.roboflow.com:443 "POST /valoaccuracy/5?api_key=&disable_active_learning=False HTTP/1.1" 403 23
2024-06-10 17:07:28,561 - ERROR - Error running inference: HTTPCallErrorError(description='403 Client Error: Forbidden for url: https://detect.roboflow.com/valoaccuracy/5?api_key=Oh***ND&disable_active_learning=False', api_message='Forbidden',status_code=403)
2024-06-10 17:07:28,565 - INFO - Displayed accuracy: Accuracy: 14.29%
2024-06-10 17:07:28,738 - DEBUG - Starting new HTTPS connection (1): detect.roboflow.com:443
2024-06-10 17:07:28,878 - INFO - Mouse clicked at (155, 195)
2024-06-10 17:07:28,903 - DEBUG - https://detect.roboflow.com:443 "POST /valoaccuracy/5?api_key=&disable_active_learning=False HTTP/1.1" 200 895
2024-06-10 17:07:28,905 - DEBUG - Current object count: 5
2024-06-10 17:07:28,909 - INFO - Displayed accuracy: Accuracy: 12.50%
2024-06-10 17:07:29,082 - DEBUG - Starting new HTTPS connection (1): detect.roboflow.com:443
2024-06-10 17:07:29,159 - DEBUG - https://detect.roboflow.com:443 "POST /valoaccuracy/5?api_key=&disable_active_learning=False HTTP/1.1" 403 23
2024-06-10 17:07:29,160 - ERROR - Error running inference: HTTPCallErrorError(description='403 Client Error: Forbidden for url: https://detect.roboflow.com/valoaccuracy/5?api_key=Oh***ND&disable_active_learning=False', api_message='Forbidden',status_code=403)
2024-06-10 17:07:29,164 - INFO - Displayed accuracy: Accuracy: 12.50%
2024-06-10 17:07:29,332 - DEBUG - Starting new HTTPS connection (1): detect.roboflow.com:443
2024-06-10 17:07:29,411 - INFO - Mouse clicked at (0, 201)
2024-06-10 17:07:29,499 - DEBUG - https://detect.roboflow.com:443 "POST /valoaccuracy/5?api_key=&disable_active_learning=False HTTP/1.1" 403 23
2024-06-10 17:07:29,500 - ERROR - Error running inference: HTTPCallErrorError(description='403 Client Error: Forbidden for url: https://detect.roboflow.com/valoaccuracy/5?api_key=Oh***ND&disable_active_learning=False', api_message='Forbidden',status_code=403)
2024-06-10 17:07:29,505 - INFO - Displayed accuracy: Accuracy: 11.11%
2024-06-10 17:07:29,677 - DEBUG - Starting new HTTPS connection (1): detect.roboflow.com:443
2024-06-10 17:07:29,760 - DEBUG - https://detect.roboflow.com:443 "POST /valoaccuracy/5?api_key=&disable_active_learning=False HTTP/1.1" 403 23
2024-06-10 17:07:29,761 - ERROR - Error running inference: HTTPCallErrorError(description='403 Client Error: Forbidden for url: https://detect.roboflow.com/valoaccuracy/5?api_key=Oh***ND&disable_active_learning=False', api_message='Forbidden',status_code=403)
2024-06-10 17:07:29,766 - INFO - Displayed accuracy: Accuracy: 11.11%
2024-06-10 17:07:29,942 - DEBUG - Starting new HTTPS connection (1): detect.roboflow.com:443
2024-06-10 17:07:30,027 - DEBUG - https://detect.roboflow.com:443 "POST /valoaccuracy/5?api_key=&disable_active_learning=False HTTP/1.1" 403 23
2024-06-10 17:07:30,028 - ERROR - Error running inference: HTTPCallErrorError(description='403 Client Error: Forbidden for url: https://detect.roboflow.com/valoaccuracy/5?api_key=Oh***ND&disable_active_learning=False', api_message='Forbidden',status_code=403)
2024-06-10 17:07:30,031 - INFO - Displayed accuracy: Accuracy: 11.11%
2024-06-10 17:07:30,101 - INFO - Mouse clicked at (511, 186)
2024-06-10 17:07:30,221 - DEBUG - Starting new HTTPS connection (1): detect.roboflow.com:443
2024-06-10 17:07:30,299 - DEBUG - https://detect.roboflow.com:443 "POST /valoaccuracy/5?api_key=&disable_active_learning=False HTTP/1.1" 403 23
2024-06-10 17:07:30,300 - ERROR - Error running inference: HTTPCallErrorError(description='403 Client Error: Forbidden for url: https://detect.roboflow.com/valoaccuracy/5?api_key=Oh***ND&disable_active_learning=False', api_message='Forbidden',status_code=403)
2024-06-10 17:07:30,304 - INFO - Displayed accuracy: Accuracy: 10.00%
2024-06-10 17:07:30,486 - DEBUG - Starting new HTTPS connection (1): detect.roboflow.com:443
2024-06-10 17:07:30,559 - INFO - Mouse clicked at (1490, 189)
2024-06-10 17:07:30,609 - DEBUG - https://detect.roboflow.com:443 "POST /valoaccuracy/5?api_key=&disable_active_learning=False HTTP/1.1" 403 23
2024-06-10 17:07:30,610 - ERROR - Error running inference: HTTPCallErrorError(description='403 Client Error: Forbidden for url: https://detect.roboflow.com/valoaccuracy/5?api_key=Oh***ND&disable_active_learning=False', api_message='Forbidden',status_code=403)
2024-06-10 17:07:30,614 - INFO - Displayed accuracy: Accuracy: 9.09%
2024-06-10 17:07:30,802 - DEBUG - Starting new HTTPS connection (1): detect.roboflow.com:443
2024-06-10 17:07:30,892 - DEBUG - https://detect.roboflow.com:443 "POST /valoaccuracy/5?api_key=&disable_active_learning=False HTTP/1.1" 403 23
2024-06-10 17:07:30,894 - ERROR - Error running inference: HTTPCallErrorError(description='403 Client Error: Forbidden for url: https://detect.roboflow.com/valoaccuracy/5?api_key=Oh***ND&disable_active_learning=False', api_message='Forbidden',status_code=403)
2024-06-10 17:07:30,898 - INFO - Displayed accuracy: Accuracy: 9.09%
2024-06-10 17:07:31,085 - INFO - Mouse clicked at (1344, 177)
2024-06-10 17:07:31,087 - DEBUG - Starting new HTTPS connection (1): detect.roboflow.com:443
2024-06-10 17:07:31,269 - DEBUG - https://detect.roboflow.com:443 "POST /valoaccuracy/5?api_key=&disable_active_learning=False HTTP/1.1" 403 23
2024-06-10 17:07:31,270 - ERROR - Error running inference: HTTPCallErrorError(description='403 Client Error: Forbidden for url: https://detect.roboflow.com/valoaccuracy/5?api_key=Oh***ND&disable_active_learning=False', api_message='Forbidden',status_code=403)
2024-06-10 17:07:31,273 - INFO - Displayed accuracy: Accuracy: 8.33%
2024-06-10 17:07:31,461 - DEBUG - Starting new HTTPS connection (1): detect.roboflow.com:443
2024-06-10 17:07:31,484 - INFO - Mouse clicked at (1679, 188)
2024-06-10 17:07:31,762 - INFO - Mouse clicked at (1676, 203)
2024-06-10 17:07:32,008 - INFO - Mouse clicked at (1673, 198)
2024-06-10 17:07:32,155 - DEBUG - https://detect.roboflow.com:443 "POST /valoaccuracy/5?api_key=&disable_active_learning=False HTTP/1.1" 200 733
2024-06-10 17:07:32,157 - DEBUG - Current object count: 4
2024-06-10 17:07:32,161 - INFO - Displayed accuracy: Accuracy: 7.69%
2024-06-10 17:07:32,301 - INFO - Mouse clicked at (1544, 193)
2024-06-10 17:07:32,347 - DEBUG - Starting new HTTPS connection (1): detect.roboflow.com:443
2024-06-10 17:07:32,493 - DEBUG - https://detect.roboflow.com:443 "POST /valoaccuracy/5?api_key=&disable_active_learning=False HTTP/1.1" 200 1221
2024-06-10 17:07:32,495 - DEBUG - Current object count: 7
2024-06-10 17:07:32,499 - INFO - Displayed accuracy: Accuracy: 7.14%
2024-06-10 17:07:32,687 - INFO - Mouse clicked at (1679, 203)
2024-06-10 17:07:32,688 - DEBUG - Starting new HTTPS connection (1): detect.roboflow.com:443
2024-06-10 17:07:32,779 - DEBUG - https://detect.roboflow.com:443 "POST /valoaccuracy/5?api_key=&disable_active_learning=False HTTP/1.1" 403 23
2024-06-10 17:07:32,781 - ERROR - Error running inference: HTTPCallErrorError(description='403 Client Error: Forbidden for url: https://detect.roboflow.com/valoaccuracy/5?api_key=Oh***ND&disable_active_learning=False', api_message='Forbidden',status_code=403)
2024-06-10 17:07:32,785 - INFO - Displayed accuracy: Accuracy: 13.33%
2024-06-10 17:07:32,975 - DEBUG - Starting new HTTPS connection (1): detect.roboflow.com:443
2024-06-10 17:07:33,070 - DEBUG - https://detect.roboflow.com:443 "POST /valoaccuracy/5?api_key=&disable_active_learning=False HTTP/1.1" 403 23
2024-06-10 17:07:33,071 - ERROR - Error running inference: HTTPCallErrorError(description='403 Client Error: Forbidden for url: https://detect.roboflow.com/valoaccuracy/5?api_key=Oh***ND&disable_active_learning=False', api_message='Forbidden',status_code=403)
2024-06-10 17:07:33,075 - INFO - Displayed accuracy: Accuracy: 13.33%
2024-06-10 17:07:33,108 - INFO - Mouse clicked at (1408, 204)
2024-06-10 17:07:33,264 - DEBUG - Starting new HTTPS connection (1): detect.roboflow.com:443
2024-06-10 17:07:33,435 - DEBUG - https://detect.roboflow.com:443 "POST /valoaccuracy/5?api_key=&disable_active_learning=False HTTP/1.1" 403 23
2024-06-10 17:07:33,436 - ERROR - Error running inference: HTTPCallErrorError(description='403 Client Error: Forbidden for url: https://detect.roboflow.com/valoaccuracy/5?api_key=Oh***ND&disable_active_learning=False', api_message='Forbidden',status_code=403)
2024-06-10 17:07:33,439 - INFO - Displayed accuracy: Accuracy: 12.50%
2024-06-10 17:07:33,607 - INFO - Mouse clicked at (546, 197)
2024-06-10 17:07:33,615 - DEBUG - Starting new HTTPS connection (1): detect.roboflow.com:443
2024-06-10 17:07:33,696 - DEBUG - https://detect.roboflow.com:443 "POST /valoaccuracy/5?api_key=&disable_active_learning=False HTTP/1.1" 403 23
2024-06-10 17:07:33,697 - ERROR - Error running inference: HTTPCallErrorError(description='403 Client Error: Forbidden for url: https://detect.roboflow.com/valoaccuracy/5?api_key=Oh***ND&disable_active_learning=False', api_message='Forbidden',status_code=403)
2024-06-10 17:07:33,701 - INFO - Displayed accuracy: Accuracy: 11.76%
2024-06-10 17:07:33,884 - DEBUG - Starting new HTTPS connection (1): detect.roboflow.com:443
2024-06-10 17:07:33,968 - DEBUG - https://detect.roboflow.com:443 "POST /valoaccuracy/5?api_key=&disable_active_learning=False HTTP/1.1" 403 23
2024-06-10 17:07:33,969 - ERROR - Error running inference: HTTPCallErrorError(description='403 Client Error: Forbidden for url: https://detect.roboflow.com/valoaccuracy/5?api_key=Oh***ND&disable_active_learning=False', api_message='Forbidden',status_code=403)
2024-06-10 17:07:33,973 - INFO - Displayed accuracy: Accuracy: 11.76%
2024-06-10 17:07:34,082 - INFO - Mouse clicked at (145, 189)
2024-06-10 17:07:34,149 - DEBUG - Starting new HTTPS connection (1): detect.roboflow.com:443
2024-06-10 17:07:34,242 - DEBUG - https://detect.roboflow.com:443 "POST /valoaccuracy/5?api_key=&disable_active_learning=False HTTP/1.1" 403 23
2024-06-10 17:07:34,243 - ERROR - Error running inference: HTTPCallErrorError(description='403 Client Error: Forbidden for url: https://detect.roboflow.com/valoaccuracy/5?api_key=Oh***ND&disable_active_learning=False', api_message='Forbidden',status_code=403)
2024-06-10 17:07:34,247 - INFO - Displayed accuracy: Accuracy: 11.11%
2024-06-10 17:07:34,429 - DEBUG - Starting new HTTPS connection (1): detect.roboflow.com:443
2024-06-10 17:07:34,509 - DEBUG - https://detect.roboflow.com:443 "POST /valoaccuracy/5?api_key=&disable_active_learning=False HTTP/1.1" 403 23
2024-06-10 17:07:34,510 - ERROR - Error running inference: HTTPCallErrorError(description='403 Client Error: Forbidden for url: https://detect.roboflow.com/valoaccuracy/5?api_key=Oh***ND&disable_active_learning=False', api_message='Forbidden',status_code=403)
2024-06-10 17:07:34,514 - INFO - Displayed accuracy: Accuracy: 11.11%
2024-06-10 17:07:34,607 - INFO - Mouse clicked at (0, 179)
2024-06-10 17:07:34,701 - DEBUG - Starting new HTTPS connection (1): detect.roboflow.com:443
2024-06-10 17:07:34,795 - DEBUG - https://detect.roboflow.com:443 "POST /valoaccuracy/5?api_key=&disable_active_learning=False HTTP/1.1" 403 23
2024-06-10 17:07:34,796 - ERROR - Error running inference: HTTPCallErrorError(description='403 Client Error: Forbidden for url: https://detect.roboflow.com/valoaccuracy/5?api_key=Oh***ND&disable_active_learning=False', api_message='Forbidden',status_code=403)
2024-06-10 17:07:34,799 - INFO - Displayed accuracy: Accuracy: 10.53%
2024-06-10 17:07:34,979 - DEBUG - Starting new HTTPS connection (1): detect.roboflow.com:443
2024-06-10 17:07:35,074 - DEBUG - https://detect.roboflow.com:443 "POST /valoaccuracy/5?api_key=&disable_active_learning=False HTTP/1.1" 403 23
2024-06-10 17:07:35,075 - ERROR - Error running inference: HTTPCallErrorError(description='403 Client Error: Forbidden for url: https://detect.roboflow.com/valoaccuracy/5?api_key=Oh***ND&disable_active_learning=False', api_message='Forbidden',status_code=403)
2024-06-10 17:07:35,079 - INFO - Displayed accuracy: Accuracy: 10.53%
2024-06-10 17:07:35,201 - INFO - Mouse clicked at (431, 193)
2024-06-10 17:07:35,258 - DEBUG - Starting new HTTPS connection (1): detect.roboflow.com:443
2024-06-10 17:07:35,349 - DEBUG - https://detect.roboflow.com:443 "POST /valoaccuracy/5?api_key=&disable_active_learning=False HTTP/1.1" 403 23
2024-06-10 17:07:35,350 - ERROR - Error running inference: HTTPCallErrorError(description='403 Client Error: Forbidden for url: https://detect.roboflow.com/valoaccuracy/5?api_key=Oh***ND&disable_active_learning=False', api_message='Forbidden',status_code=403)
2024-06-10 17:07:35,354 - INFO - Displayed accuracy: Accuracy: 10.00%
2024-06-10 17:07:35,541 - DEBUG - Starting new HTTPS connection (1): detect.roboflow.com:443
2024-06-10 17:07:35,667 - DEBUG - https://detect.roboflow.com:443 "POST /valoaccuracy/5?api_key=&disable_active_learning=False HTTP/1.1" 403 23
2024-06-10 17:07:35,668 - ERROR - Error running inference: HTTPCallErrorError(description='403 Client Error: Forbidden for url: https://detect.roboflow.com/valoaccuracy/5?api_key=Oh***ND&disable_active_learning=False', api_message='Forbidden',status_code=403)
2024-06-10 17:07:35,671 - INFO - Displayed accuracy: Accuracy: 10.00%
2024-06-10 17:07:35,800 - INFO - Mouse clicked at (263, 174)
2024-06-10 17:07:35,859 - DEBUG - Starting new HTTPS connection (1): detect.roboflow.com:443
2024-06-10 17:07:36,226 - INFO - Mouse clicked at (1, 190)
2024-06-10 17:07:36,590 - INFO - Mouse clicked at (333, 186)
2024-06-10 17:07:36,743 - DEBUG - https://detect.roboflow.com:443 "POST /valoaccuracy/5?api_key=&disable_active_learning=False HTTP/1.1" 200 1056
2024-06-10 17:07:36,744 - DEBUG - Current object count: 6
2024-06-10 17:07:36,748 - INFO - Displayed accuracy: Accuracy: 9.52%
2024-06-10 17:07:36,902 - INFO - Mouse clicked at (369, 185)
2024-06-10 17:07:36,935 - DEBUG - Starting new HTTPS connection (1): detect.roboflow.com:443
2024-06-10 17:07:37,022 - DEBUG - https://detect.roboflow.com:443 "POST /valoaccuracy/5?api_key=&disable_active_learning=False HTTP/1.1" 403 23
2024-06-10 17:07:37,023 - ERROR - Error running inference: HTTPCallErrorError(description='403 Client Error: Forbidden for url: https://detect.roboflow.com/valoaccuracy/5?api_key=Oh***ND&disable_active_learning=False', api_message='Forbidden',status_code=403)
2024-06-10 17:07:37,028 - INFO - Displayed accuracy: Accuracy: 13.64%
2024-06-10 17:07:37,214 - DEBUG - Starting new HTTPS connection (1): detect.roboflow.com:443
2024-06-10 17:07:37,372 - INFO - Mouse clicked at (1038, 179)
2024-06-10 17:07:37,701 - INFO - Mouse clicked at (675, 187)
2024-06-10 17:07:38,019 - INFO - Mouse clicked at (552, 183)
2024-06-10 17:07:38,488 - INFO - Mouse clicked at (1405, 192)
2024-06-10 17:07:38,835 - INFO - Mouse clicked at (1567, 191)
2024-06-10 17:07:38,931 - DEBUG - https://detect.roboflow.com:443 "POST /valoaccuracy/5?api_key=&disable_active_learning=False HTTP/1.1" 200 1221
2024-06-10 17:07:38,933 - DEBUG - Current object count: 7
2024-06-10 17:07:38,936 - INFO - Displayed accuracy: Accuracy: 13.04%
2024-06-10 17:07:39,120 - DEBUG - Starting new HTTPS connection (1): detect.roboflow.com:443
2024-06-10 17:07:39,189 - INFO - Mouse clicked at (1508, 190)
2024-06-10 17:07:39,206 - DEBUG - https://detect.roboflow.com:443 "POST /valoaccuracy/5?api_key=&disable_active_learning=False HTTP/1.1" 403 23
2024-06-10 17:07:39,207 - ERROR - Error running inference: HTTPCallErrorError(description='403 Client Error: Forbidden for url: https://detect.roboflow.com/valoaccuracy/5?api_key=Oh***ND&disable_active_learning=False', api_message='Forbidden',status_code=403)
2024-06-10 17:07:39,211 - INFO - Displayed accuracy: Accuracy: 16.67%
2024-06-10 17:07:39,396 - DEBUG - Starting new HTTPS connection (1): detect.roboflow.com:443
2024-06-10 17:07:39,449 - INFO - Mouse clicked at (1426, 188)
2024-06-10 17:07:39,481 - DEBUG - https://detect.roboflow.com:443 "POST /valoaccuracy/5?api_key=&disable_active_learning=False HTTP/1.1" 403 23
2024-06-10 17:07:39,482 - ERROR - Error running inference: HTTPCallErrorError(description='403 Client Error: Forbidden for url: https://detect.roboflow.com/valoaccuracy/5?api_key=Oh***ND&disable_active_learning=False', api_message='Forbidden',status_code=403)
2024-06-10 17:07:39,486 - INFO - Displayed accuracy: Accuracy: 16.00%
2024-06-10 17:07:39,673 - DEBUG - Starting new HTTPS connection (1): detect.roboflow.com:443
2024-06-10 17:07:39,741 - INFO - Mouse clicked at (1661, 185)
2024-06-10 17:07:39,755 - DEBUG - https://detect.roboflow.com:443 "POST /valoaccuracy/5?api_key=&disable_active_learning=False HTTP/1.1" 403 23
2024-06-10 17:07:39,756 - ERROR - Error running inference: HTTPCallErrorError(description='403 Client Error: Forbidden for url: https://detect.roboflow.com/valoaccuracy/5?api_key=Oh***ND&disable_active_learning=False', api_message='Forbidden',status_code=403)
2024-06-10 17:07:39,760 - INFO - Displayed accuracy: Accuracy: 15.38%
2024-06-10 17:07:39,948 - DEBUG - Starting new HTTPS connection (1): detect.roboflow.com:443
2024-06-10 17:07:39,992 - INFO - Mouse clicked at (1679, 193)
2024-06-10 17:07:40,028 - DEBUG - https://detect.roboflow.com:443 "POST /valoaccuracy/5?api_key=&disable_active_learning=False HTTP/1.1" 403 23
2024-06-10 17:07:40,029 - ERROR - Error running inference: HTTPCallErrorError(description='403 Client Error: Forbidden for url: https://detect.roboflow.com/valoaccuracy/5?api_key=Oh***ND&disable_active_learning=False', api_message='Forbidden',status_code=403)
2024-06-10 17:07:40,032 - INFO - Displayed accuracy: Accuracy: 14.81%
2024-06-10 17:07:40,210 - DEBUG - Starting new HTTPS connection (1): detect.roboflow.com:443
2024-06-10 17:07:40,289 - DEBUG - https://detect.roboflow.com:443 "POST /valoaccuracy/5?api_key=&disable_active_learning=False HTTP/1.1" 403 23
2024-06-10 17:07:40,290 - ERROR - Error running inference: HTTPCallErrorError(description='403 Client Error: Forbidden for url: https://detect.roboflow.com/valoaccuracy/5?api_key=Oh***ND&disable_active_learning=False', api_message='Forbidden',status_code=403)
2024-06-10 17:07:40,293 - INFO - Displayed accuracy: Accuracy: 14.81%
2024-06-10 17:07:40,476 - DEBUG - Starting new HTTPS connection (1): detect.roboflow.com:443
2024-06-10 17:07:40,575 - INFO - Mouse clicked at (935, 205)
2024-06-10 17:07:40,583 - DEBUG - https://detect.roboflow.com:443 "POST /valoaccuracy/5?api_key=&disable_active_learning=False HTTP/1.1" 403 23
2024-06-10 17:07:40,584 - ERROR - Error running inference: HTTPCallErrorError(description='403 Client Error: Forbidden for url: https://detect.roboflow.com/valoaccuracy/5?api_key=Oh***ND&disable_active_learning=False', api_message='Forbidden',status_code=403)
2024-06-10 17:07:40,588 - INFO - Displayed accuracy: Accuracy: 14.29%
2024-06-10 17:07:40,773 - DEBUG - Starting new HTTPS connection (1): detect.roboflow.com:443
2024-06-10 17:07:40,876 - DEBUG - https://detect.roboflow.com:443 "POST /valoaccuracy/5?api_key=&disable_active_learning=False HTTP/1.1" 403 23
2024-06-10 17:07:40,878 - ERROR - Error running inference: HTTPCallErrorError(description='403 Client Error: Forbidden for url: https://detect.roboflow.com/valoaccuracy/5?api_key=Oh***ND&disable_active_learning=False', api_message='Forbidden',status_code=403)
2024-06-10 17:07:40,882 - INFO - Displayed accuracy: Accuracy: 14.29%
2024-06-10 17:07:41,064 - DEBUG - Starting new HTTPS connection (1): detect.roboflow.com:443
2024-06-10 17:07:41,147 - DEBUG - https://detect.roboflow.com:443 "POST /valoaccuracy/5?api_key=&disable_active_learning=False HTTP/1.1" 403 23
2024-06-10 17:07:41,148 - ERROR - Error running inference: HTTPCallErrorError(description='403 Client Error: Forbidden for url: https://detect.roboflow.com/valoaccuracy/5?api_key=Oh***ND&disable_active_learning=False', api_message='Forbidden',status_code=403)
2024-06-10 17:07:41,150 - INFO - Displayed accuracy: Accuracy: 14.29%
2024-06-10 17:07:41,337 - DEBUG - Starting new HTTPS connection (1): detect.roboflow.com:443
2024-06-10 17:07:41,351 - INFO - Mouse clicked at (1138, 1049)
2024-06-10 17:07:41,422 - DEBUG - https://detect.roboflow.com:443 "POST /valoaccuracy/5?api_key=&disable_active_learning=False HTTP/1.1" 403 23
2024-06-10 17:07:41,423 - ERROR - Error running inference: HTTPCallErrorError(description='403 Client Error: Forbidden for url: https://detect.roboflow.com/valoaccuracy/5?api_key=Oh***ND&disable_active_learning=False', api_message='Forbidden',status_code=403)
2024-06-10 17:07:41,427 - INFO - Displayed accuracy: Accuracy: 13.79%
2024-06-10 17:07:41,601 - DEBUG - Starting new HTTPS connection (1): detect.roboflow.com:443
2024-06-10 17:07:41,680 - DEBUG - https://detect.roboflow.com:443 "POST /valoaccuracy/5?api_key=&disable_active_learning=False HTTP/1.1" 403 23
2024-06-10 17:07:41,682 - ERROR - Error running inference: HTTPCallErrorError(description='403 Client Error: Forbidden for url: https://detect.roboflow.com/valoaccuracy/5?api_key=Oh***ND&disable_active_learning=False', api_message='Forbidden',status_code=403)
2024-06-10 17:07:41,686 - INFO - Displayed accuracy: Accuracy: 13.79%
2024-06-10 17:07:41,869 - DEBUG - Starting new HTTPS connection (1): detect.roboflow.com:443
2024-06-10 17:07:41,954 - DEBUG - https://detect.roboflow.com:443 "POST /valoaccuracy/5?api_key=&disable_active_learning=False HTTP/1.1" 403 23
2024-06-10 17:07:41,955 - ERROR - Error running inference: HTTPCallErrorError(description='403 Client Error: Forbidden for url: https://detect.roboflow.com/valoaccuracy/5?api_key=Oh***ND&disable_active_learning=False', api_message='Forbidden',status_code=403)
2024-06-10 17:07:41,959 - INFO - Displayed accuracy: Accuracy: 13.79%
2024-06-10 17:07:42,108 - INFO - Quit key combination pressed
2024-06-10 17:07:42,134 - DEBUG - Starting new HTTPS connection (1): detect.roboflow.com:443
2024-06-10 17:07:42,216 - DEBUG - https://detect.roboflow.com:443 "POST /valoaccuracy/5?api_key=&disable_active_learning=False HTTP/1.1" 403 23
2024-06-10 17:07:42,218 - ERROR - Error running inference: HTTPCallErrorError(description='403 Client Error: Forbidden for url: https://detect.roboflow.com/valoaccuracy/5?api_key=Oh***ND&disable_active_learning=False', api_message='Forbidden',status_code=403)
2024-06-10 17:07:42,221 - INFO - Displayed accuracy: Accuracy: 13.79%
2024-06-10 17:07:42,324 - INFO - Displayed accuracy: Accuracy: 13.79%
2024-06-10 17:07:42,324 - INFO - Final Accuracy: 13.79%
2024-06-10 17:07:42,370 - INFO - FrameProcessor stopped
